Determining if the pthread_create exist failed with the following output:
Change Dir: /home/swetang/catkin_ws_swetang/build/CMakeFiles/CMakeTmp

Run Build Command:"/usr/bin/make" "cmTC_20486/fast"
/usr/bin/make -f CMakeFiles/cmTC_20486.dir/build.make CMakeFiles/cmTC_20486.dir/build
make[1]: Entering directory '/home/swetang/catkin_ws_swetang/build/CMakeFiles/CMakeTmp'
Building C object CMakeFiles/cmTC_20486.dir/CheckSymbolExists.c.o
/usr/bin/cc    -o CMakeFiles/cmTC_20486.dir/CheckSymbolExists.c.o   -c /home/swetang/catkin_ws_swetang/build/CMakeFiles/CMakeTmp/CheckSymbolExists.c
Linking C executable cmTC_20486
/usr/bin/cmake -E cmake_link_script CMakeFiles/cmTC_20486.dir/link.txt --verbose=1
/usr/bin/cc      -rdynamic CMakeFiles/cmTC_20486.dir/CheckSymbolExists.c.o  -o cmTC_20486 
CMakeFiles/cmTC_20486.dir/CheckSymbolExists.c.o: In function `main':
CheckSymbolExists.c:(.text+0x1b): undefined reference to `pthread_create'
collect2: error: ld returned 1 exit status
CMakeFiles/cmTC_20486.dir/build.make:97: recipe for target 'cmTC_20486' failed
make[1]: *** [cmTC_20486] Error 1
make[1]: Leaving directory '/home/swetang/catkin_ws_swetang/build/CMakeFiles/CMakeTmp'
Makefile:126: recipe for target 'cmTC_20486/fast' failed
make: *** [cmTC_20486/fast] Error 2

File /home/swetang/catkin_ws_swetang/build/CMakeFiles/CMakeTmp/CheckSymbolExists.c:
/* */
#include <pthread.h>

int main(int argc, char** argv)
{
  (void)argv;
#ifndef pthread_create
  return ((int*)(&pthread_create))[argc];
#else
  (void)argc;
  return 0;
#endif
}

Determining if the function pthread_create exists in the pthreads failed with the following output:
Change Dir: /home/swetang/catkin_ws_swetang/build/CMakeFiles/CMakeTmp

Run Build Command:"/usr/bin/make" "cmTC_3955a/fast"
/usr/bin/make -f CMakeFiles/cmTC_3955a.dir/build.make CMakeFiles/cmTC_3955a.dir/build
make[1]: Entering directory '/home/swetang/catkin_ws_swetang/build/CMakeFiles/CMakeTmp'
Building C object CMakeFiles/cmTC_3955a.dir/CheckFunctionExists.c.o
/usr/bin/cc   -DCHECK_FUNCTION_EXISTS=pthread_create   -o CMakeFiles/cmTC_3955a.dir/CheckFunctionExists.c.o   -c /usr/share/cmake-3.10/Modules/CheckFunctionExists.c
Linking C executable cmTC_3955a
/usr/bin/cmake -E cmake_link_script CMakeFiles/cmTC_3955a.dir/link.txt --verbose=1
/usr/bin/cc  -DCHECK_FUNCTION_EXISTS=pthread_create    -rdynamic CMakeFiles/cmTC_3955a.dir/CheckFunctionExists.c.o  -o cmTC_3955a -lpthreads 
/usr/bin/ld: cannot find -lpthreads
collect2: error: ld returned 1 exit status
CMakeFiles/cmTC_3955a.dir/build.make:97: recipe for target 'cmTC_3955a' failed
make[1]: *** [cmTC_3955a] Error 1
make[1]: Leaving directory '/home/swetang/catkin_ws_swetang/build/CMakeFiles/CMakeTmp'
Makefile:126: recipe for target 'cmTC_3955a/fast' failed
make: *** [cmTC_3955a/fast] Error 2


